{"/Users/lukedonahue/alchemy/career-track/mongoose-labs/e2e/db.js": {"path":"/Users/lukedonahue/alchemy/career-track/mongoose-labs/e2e/db.js","statementMap":{"0":{"start":{"line":1,"column":17},"end":{"line":1,"column":36}},"1":{"start":{"line":3,"column":0},"end":{"line":10,"column":2}},"2":{"start":{"line":5,"column":4},"end":{"line":8,"column":9}},"3":{"start":{"line":7,"column":8},"end":{"line":7,"column":59}},"4":{"start":{"line":7,"column":49},"end":{"line":7,"column":59}}},"fnMap":{"0":{"name":"(anonymous_0)","decl":{"start":{"line":4,"column":2},"end":{"line":4,"column":3}},"loc":{"start":{"line":4,"column":23},"end":{"line":9,"column":3}},"line":4},"1":{"name":"(anonymous_1)","decl":{"start":{"line":6,"column":13},"end":{"line":6,"column":14}},"loc":{"start":{"line":6,"column":20},"end":{"line":8,"column":7}},"line":6}},"branchMap":{"0":{"loc":{"start":{"line":7,"column":8},"end":{"line":7,"column":59}},"type":"if","locations":[{"start":{"line":7,"column":8},"end":{"line":7,"column":59}},{"start":{"line":7,"column":8},"end":{"line":7,"column":59}}],"line":7}},"s":{"0":1,"1":1,"2":5,"3":0,"4":0},"f":{"0":5,"1":0},"b":{"0":[0,0]},"_coverageSchema":"43e27e138ebf9cfc5966b082cf9a028302ed4184","hash":"6a35e0938413b31015f7bdcd4f4d39360f79a042"}
,"/Users/lukedonahue/alchemy/career-track/mongoose-labs/e2e/request.js": {"path":"/Users/lukedonahue/alchemy/career-track/mongoose-labs/e2e/request.js","statementMap":{"0":{"start":{"line":1,"column":12},"end":{"line":1,"column":33}},"1":{"start":{"line":2,"column":16},"end":{"line":2,"column":36}},"2":{"start":{"line":4,"column":0},"end":{"line":4,"column":30}}},"fnMap":{},"branchMap":{},"s":{"0":2,"1":2,"2":2},"f":{},"b":{},"_coverageSchema":"43e27e138ebf9cfc5966b082cf9a028302ed4184","hash":"365146ce6c0aef99493f3b7ddfa38d431a58a575"}
,"/Users/lukedonahue/alchemy/career-track/mongoose-labs/lib/app.js": {"path":"/Users/lukedonahue/alchemy/career-track/mongoose-labs/lib/app.js","statementMap":{"0":{"start":{"line":1,"column":16},"end":{"line":1,"column":34}},"1":{"start":{"line":4,"column":12},"end":{"line":4,"column":21}},"2":{"start":{"line":7,"column":15},"end":{"line":7,"column":32}},"3":{"start":{"line":8,"column":24},"end":{"line":8,"column":64}},"4":{"start":{"line":10,"column":0},"end":{"line":10,"column":23}},"5":{"start":{"line":12,"column":0},"end":{"line":12,"column":24}},"6":{"start":{"line":14,"column":0},"end":{"line":14,"column":34}},"7":{"start":{"line":17,"column":0},"end":{"line":19,"column":3}},"8":{"start":{"line":18,"column":2},"end":{"line":18,"column":28}},"9":{"start":{"line":22,"column":0},"end":{"line":22,"column":25}},"10":{"start":{"line":25,"column":16},"end":{"line":25,"column":43}},"11":{"start":{"line":26,"column":0},"end":{"line":26,"column":33}},"12":{"start":{"line":29,"column":15},"end":{"line":29,"column":46}},"13":{"start":{"line":30,"column":0},"end":{"line":30,"column":24}},"14":{"start":{"line":34,"column":21},"end":{"line":34,"column":58}},"15":{"start":{"line":35,"column":0},"end":{"line":35,"column":22}},"16":{"start":{"line":37,"column":0},"end":{"line":37,"column":21}}},"fnMap":{"0":{"name":"(anonymous_0)","decl":{"start":{"line":17,"column":18},"end":{"line":17,"column":19}},"loc":{"start":{"line":17,"column":32},"end":{"line":19,"column":1}},"line":17}},"branchMap":{},"s":{"0":2,"1":2,"2":2,"3":2,"4":2,"5":2,"6":2,"7":2,"8":1,"9":2,"10":2,"11":2,"12":2,"13":2,"14":2,"15":2,"16":2},"f":{"0":1},"b":{},"_coverageSchema":"43e27e138ebf9cfc5966b082cf9a028302ed4184","hash":"11b4805f44f4fba1d81e247242e28ccf220790ac"}
,"/Users/lukedonahue/alchemy/career-track/mongoose-labs/lib/connect.js": {"path":"/Users/lukedonahue/alchemy/career-track/mongoose-labs/lib/connect.js","statementMap":{"0":{"start":{"line":2,"column":18},"end":{"line":2,"column":32}},"1":{"start":{"line":3,"column":17},"end":{"line":3,"column":36}},"2":{"start":{"line":5,"column":12},"end":{"line":9,"column":1}},"3":{"start":{"line":6,"column":2},"end":{"line":8,"column":4}},"4":{"start":{"line":7,"column":4},"end":{"line":7,"column":66}},"5":{"start":{"line":11,"column":22},"end":{"line":16,"column":1}},"6":{"start":{"line":12,"column":20},"end":{"line":12,"column":30}},"7":{"start":{"line":13,"column":23},"end":{"line":13,"column":55}},"8":{"start":{"line":15,"column":2},"end":{"line":15,"column":106}},"9":{"start":{"line":18,"column":0},"end":{"line":39,"column":2}},"10":{"start":{"line":19,"column":18},"end":{"line":23,"column":20}},"11":{"start":{"line":25,"column":22},"end":{"line":25,"column":42}},"12":{"start":{"line":27,"column":2},"end":{"line":27,"column":61}},"13":{"start":{"line":28,"column":2},"end":{"line":28,"column":59}},"14":{"start":{"line":29,"column":2},"end":{"line":29,"column":61}},"15":{"start":{"line":31,"column":2},"end":{"line":36,"column":5}},"16":{"start":{"line":32,"column":4},"end":{"line":35,"column":7}},"17":{"start":{"line":33,"column":6},"end":{"line":33,"column":86}},"18":{"start":{"line":34,"column":6},"end":{"line":34,"column":22}},"19":{"start":{"line":38,"column":2},"end":{"line":38,"column":17}}},"fnMap":{"0":{"name":"(anonymous_0)","decl":{"start":{"line":5,"column":12},"end":{"line":5,"column":13}},"loc":{"start":{"line":5,"column":30},"end":{"line":9,"column":1}},"line":5},"1":{"name":"(anonymous_1)","decl":{"start":{"line":6,"column":9},"end":{"line":6,"column":10}},"loc":{"start":{"line":6,"column":15},"end":{"line":8,"column":3}},"line":6},"2":{"name":"(anonymous_2)","decl":{"start":{"line":11,"column":22},"end":{"line":11,"column":23}},"loc":{"start":{"line":11,"column":29},"end":{"line":16,"column":1}},"line":11},"3":{"name":"(anonymous_3)","decl":{"start":{"line":18,"column":17},"end":{"line":18,"column":18}},"loc":{"start":{"line":18,"column":54},"end":{"line":39,"column":1}},"line":18},"4":{"name":"(anonymous_4)","decl":{"start":{"line":23,"column":11},"end":{"line":23,"column":12}},"loc":{"start":{"line":23,"column":17},"end":{"line":23,"column":19}},"line":23},"5":{"name":"(anonymous_5)","decl":{"start":{"line":31,"column":23},"end":{"line":31,"column":24}},"loc":{"start":{"line":31,"column":29},"end":{"line":36,"column":3}},"line":31},"6":{"name":"(anonymous_6)","decl":{"start":{"line":32,"column":30},"end":{"line":32,"column":31}},"loc":{"start":{"line":32,"column":36},"end":{"line":35,"column":5}},"line":32}},"branchMap":{"0":{"loc":{"start":{"line":13,"column":23},"end":{"line":13,"column":55}},"type":"cond-expr","locations":[{"start":{"line":13,"column":40},"end":{"line":13,"column":50}},{"start":{"line":13,"column":53},"end":{"line":13,"column":55}}],"line":13},"1":{"loc":{"start":{"line":18,"column":18},"end":{"line":18,"column":49}},"type":"default-arg","locations":[{"start":{"line":18,"column":26},"end":{"line":18,"column":49}}],"line":18}},"s":{"0":2,"1":2,"2":2,"3":6,"4":4,"5":2,"6":2,"7":2,"8":2,"9":2,"10":2,"11":2,"12":2,"13":2,"14":2,"15":2,"16":0,"17":0,"18":0,"19":2},"f":{"0":6,"1":4,"2":2,"3":2,"4":0,"5":0,"6":0},"b":{"0":[0,2],"1":[0]},"_coverageSchema":"43e27e138ebf9cfc5966b082cf9a028302ed4184","hash":"8e9a8f2739cadd936bdb176a12b2b138c15a7a7c"}
,"/Users/lukedonahue/alchemy/career-track/mongoose-labs/lib/middleware/api-404.js": {"path":"/Users/lukedonahue/alchemy/career-track/mongoose-labs/lib/middleware/api-404.js","statementMap":{"0":{"start":{"line":1,"column":0},"end":{"line":5,"column":2}},"1":{"start":{"line":2,"column":2},"end":{"line":4,"column":5}}},"fnMap":{"0":{"name":"(anonymous_0)","decl":{"start":{"line":1,"column":17},"end":{"line":1,"column":18}},"loc":{"start":{"line":1,"column":31},"end":{"line":5,"column":1}},"line":1}},"branchMap":{},"s":{"0":2,"1":1},"f":{"0":1},"b":{},"_coverageSchema":"43e27e138ebf9cfc5966b082cf9a028302ed4184","hash":"1137825804244a5d855238b16517363d9afb6ebf"}
,"/Users/lukedonahue/alchemy/career-track/mongoose-labs/lib/middleware/check-connection.js": {"path":"/Users/lukedonahue/alchemy/career-track/mongoose-labs/lib/middleware/check-connection.js","statementMap":{"0":{"start":{"line":1,"column":19},"end":{"line":1,"column":49}},"1":{"start":{"line":2,"column":14},"end":{"line":2,"column":53}},"2":{"start":{"line":4,"column":0},"end":{"line":12,"column":2}},"3":{"start":{"line":5,"column":2},"end":{"line":11,"column":14}},"4":{"start":{"line":6,"column":4},"end":{"line":9,"column":7}},"5":{"start":{"line":11,"column":7},"end":{"line":11,"column":14}}},"fnMap":{"0":{"name":"(anonymous_0)","decl":{"start":{"line":4,"column":17},"end":{"line":4,"column":18}},"loc":{"start":{"line":4,"column":37},"end":{"line":12,"column":1}},"line":4}},"branchMap":{"0":{"loc":{"start":{"line":5,"column":2},"end":{"line":11,"column":14}},"type":"if","locations":[{"start":{"line":5,"column":2},"end":{"line":11,"column":14}},{"start":{"line":5,"column":2},"end":{"line":11,"column":14}}],"line":5}},"s":{"0":2,"1":2,"2":2,"3":13,"4":0,"5":13},"f":{"0":13},"b":{"0":[0,13]},"_coverageSchema":"43e27e138ebf9cfc5966b082cf9a028302ed4184","hash":"a8e941256c322f7776a3cd891b5bdc35fc0c6f50"}
,"/Users/lukedonahue/alchemy/career-track/mongoose-labs/lib/middleware/error-handler.js": {"path":"/Users/lukedonahue/alchemy/career-track/mongoose-labs/lib/middleware/error-handler.js","statementMap":{"0":{"start":{"line":4,"column":0},"end":{"line":31,"column":2}},"1":{"start":{"line":5,"column":19},"end":{"line":5,"column":22}},"2":{"start":{"line":6,"column":14},"end":{"line":6,"column":37}},"3":{"start":{"line":9,"column":2},"end":{"line":25,"column":3}},"4":{"start":{"line":10,"column":4},"end":{"line":10,"column":21}},"5":{"start":{"line":11,"column":4},"end":{"line":11,"column":24}},"6":{"start":{"line":14,"column":7},"end":{"line":25,"column":3}},"7":{"start":{"line":18,"column":4},"end":{"line":18,"column":32}},"8":{"start":{"line":19,"column":4},"end":{"line":19,"column":22}},"9":{"start":{"line":24,"column":4},"end":{"line":24,"column":41}},"10":{"start":{"line":28,"column":2},"end":{"line":28,"column":42}},"11":{"start":{"line":30,"column":2},"end":{"line":30,"column":41}}},"fnMap":{"0":{"name":"(anonymous_0)","decl":{"start":{"line":4,"column":17},"end":{"line":4,"column":18}},"loc":{"start":{"line":4,"column":42},"end":{"line":31,"column":1}},"line":4}},"branchMap":{"0":{"loc":{"start":{"line":9,"column":2},"end":{"line":25,"column":3}},"type":"if","locations":[{"start":{"line":9,"column":2},"end":{"line":25,"column":3}},{"start":{"line":9,"column":2},"end":{"line":25,"column":3}}],"line":9},"1":{"loc":{"start":{"line":9,"column":5},"end":{"line":9,"column":63}},"type":"binary-expr","locations":[{"start":{"line":9,"column":5},"end":{"line":9,"column":35}},{"start":{"line":9,"column":39},"end":{"line":9,"column":63}}],"line":9},"2":{"loc":{"start":{"line":14,"column":7},"end":{"line":25,"column":3}},"type":"if","locations":[{"start":{"line":14,"column":7},"end":{"line":25,"column":3}},{"start":{"line":14,"column":7},"end":{"line":25,"column":3}}],"line":14}},"s":{"0":2,"1":0,"2":0,"3":0,"4":0,"5":0,"6":0,"7":0,"8":0,"9":0,"10":0,"11":0},"f":{"0":0},"b":{"0":[0,0],"1":[0,0],"2":[0,0]},"_coverageSchema":"43e27e138ebf9cfc5966b082cf9a028302ed4184","hash":"348ffff58411b2f40fe0dabcb9687f56d557a8b1"}
,"/Users/lukedonahue/alchemy/career-track/mongoose-labs/lib/models/animals.js": {"path":"/Users/lukedonahue/alchemy/career-track/mongoose-labs/lib/models/animals.js","statementMap":{"0":{"start":{"line":1,"column":17},"end":{"line":1,"column":36}},"1":{"start":{"line":3,"column":19},"end":{"line":3,"column":27}},"2":{"start":{"line":5,"column":15},"end":{"line":31,"column":2}},"3":{"start":{"line":33,"column":0},"end":{"line":33,"column":50}}},"fnMap":{},"branchMap":{},"s":{"0":2,"1":2,"2":2,"3":2},"f":{},"b":{},"_coverageSchema":"43e27e138ebf9cfc5966b082cf9a028302ed4184","hash":"ee3313e02cb06ee257fb6b3783a1b293e5b6213d"}
,"/Users/lukedonahue/alchemy/career-track/mongoose-labs/lib/routes/animals.js": {"path":"/Users/lukedonahue/alchemy/career-track/mongoose-labs/lib/routes/animals.js","statementMap":{"0":{"start":{"line":2,"column":15},"end":{"line":2,"column":42}},"1":{"start":{"line":3,"column":15},"end":{"line":3,"column":43}},"2":{"start":{"line":5,"column":0},"end":{"line":48,"column":5}},"3":{"start":{"line":7,"column":4},"end":{"line":11,"column":19}},"4":{"start":{"line":9,"column":8},"end":{"line":9,"column":26}},"5":{"start":{"line":15,"column":4},"end":{"line":19,"column":19}},"6":{"start":{"line":17,"column":8},"end":{"line":17,"column":25}},"7":{"start":{"line":23,"column":4},"end":{"line":27,"column":19}},"8":{"start":{"line":25,"column":8},"end":{"line":25,"column":25}},"9":{"start":{"line":31,"column":4},"end":{"line":39,"column":19}},"10":{"start":{"line":37,"column":8},"end":{"line":37,"column":25}},"11":{"start":{"line":43,"column":4},"end":{"line":47,"column":19}},"12":{"start":{"line":45,"column":8},"end":{"line":45,"column":26}},"13":{"start":{"line":50,"column":0},"end":{"line":50,"column":24}}},"fnMap":{"0":{"name":"(anonymous_0)","decl":{"start":{"line":6,"column":12},"end":{"line":6,"column":13}},"loc":{"start":{"line":6,"column":32},"end":{"line":12,"column":3}},"line":6},"1":{"name":"(anonymous_1)","decl":{"start":{"line":8,"column":12},"end":{"line":8,"column":13}},"loc":{"start":{"line":8,"column":25},"end":{"line":10,"column":7}},"line":8},"2":{"name":"(anonymous_2)","decl":{"start":{"line":14,"column":15},"end":{"line":14,"column":16}},"loc":{"start":{"line":14,"column":35},"end":{"line":20,"column":3}},"line":14},"3":{"name":"(anonymous_3)","decl":{"start":{"line":16,"column":12},"end":{"line":16,"column":13}},"loc":{"start":{"line":16,"column":24},"end":{"line":18,"column":7}},"line":16},"4":{"name":"(anonymous_4)","decl":{"start":{"line":22,"column":13},"end":{"line":22,"column":14}},"loc":{"start":{"line":22,"column":33},"end":{"line":28,"column":3}},"line":22},"5":{"name":"(anonymous_5)","decl":{"start":{"line":24,"column":12},"end":{"line":24,"column":13}},"loc":{"start":{"line":24,"column":24},"end":{"line":26,"column":7}},"line":24},"6":{"name":"(anonymous_6)","decl":{"start":{"line":30,"column":15},"end":{"line":30,"column":16}},"loc":{"start":{"line":30,"column":35},"end":{"line":40,"column":3}},"line":30},"7":{"name":"(anonymous_7)","decl":{"start":{"line":36,"column":12},"end":{"line":36,"column":13}},"loc":{"start":{"line":36,"column":22},"end":{"line":38,"column":7}},"line":36},"8":{"name":"(anonymous_8)","decl":{"start":{"line":42,"column":18},"end":{"line":42,"column":19}},"loc":{"start":{"line":42,"column":38},"end":{"line":48,"column":3}},"line":42},"9":{"name":"(anonymous_9)","decl":{"start":{"line":44,"column":12},"end":{"line":44,"column":13}},"loc":{"start":{"line":44,"column":23},"end":{"line":46,"column":7}},"line":44}},"branchMap":{},"s":{"0":2,"1":2,"2":2,"3":1,"4":1,"5":1,"6":1,"7":7,"8":7,"9":1,"10":1,"11":1,"12":1,"13":2},"f":{"0":1,"1":1,"2":1,"3":1,"4":7,"5":7,"6":1,"7":1,"8":1,"9":1},"b":{},"_coverageSchema":"43e27e138ebf9cfc5966b082cf9a028302ed4184","hash":"a8fa857049c336fc7ab19a9adfbf26e7f5940400"}
}
