TN:
SF:/Users/lukedonahue/alchemy/career-track/mongoose-labs/e2e/db.js
FN:4,(anonymous_0)
FN:6,(anonymous_1)
FNF:2
FNH:1
FNDA:5,(anonymous_0)
FNDA:0,(anonymous_1)
DA:1,1
DA:3,1
DA:5,5
DA:7,0
LF:4
LH:3
BRDA:7,0,0,0
BRDA:7,0,1,0
BRF:2
BRH:0
end_of_record
TN:
SF:/Users/lukedonahue/alchemy/career-track/mongoose-labs/e2e/request.js
FNF:0
FNH:0
DA:1,2
DA:2,2
DA:4,2
LF:3
LH:3
BRF:0
BRH:0
end_of_record
TN:
SF:/Users/lukedonahue/alchemy/career-track/mongoose-labs/lib/app.js
FN:17,(anonymous_0)
FNF:1
FNH:1
FNDA:1,(anonymous_0)
DA:1,2
DA:4,2
DA:7,2
DA:8,2
DA:10,2
DA:12,2
DA:14,2
DA:17,2
DA:18,1
DA:22,2
DA:25,2
DA:26,2
DA:29,2
DA:30,2
DA:34,2
DA:35,2
DA:37,2
LF:17
LH:17
BRF:0
BRH:0
end_of_record
TN:
SF:/Users/lukedonahue/alchemy/career-track/mongoose-labs/lib/connect.js
FN:5,(anonymous_0)
FN:6,(anonymous_1)
FN:11,(anonymous_2)
FN:18,(anonymous_3)
FN:23,(anonymous_4)
FN:31,(anonymous_5)
FN:32,(anonymous_6)
FNF:7
FNH:4
FNDA:6,(anonymous_0)
FNDA:4,(anonymous_1)
FNDA:2,(anonymous_2)
FNDA:2,(anonymous_3)
FNDA:0,(anonymous_4)
FNDA:0,(anonymous_5)
FNDA:0,(anonymous_6)
DA:2,2
DA:3,2
DA:5,2
DA:6,6
DA:7,4
DA:11,2
DA:12,2
DA:13,2
DA:15,2
DA:18,2
DA:19,2
DA:25,2
DA:27,2
DA:28,2
DA:29,2
DA:31,2
DA:32,0
DA:33,0
DA:34,0
DA:38,2
LF:20
LH:17
BRDA:13,0,0,0
BRDA:13,0,1,2
BRDA:18,1,0,0
BRF:3
BRH:1
end_of_record
TN:
SF:/Users/lukedonahue/alchemy/career-track/mongoose-labs/lib/middleware/api-404.js
FN:1,(anonymous_0)
FNF:1
FNH:1
FNDA:1,(anonymous_0)
DA:1,2
DA:2,1
LF:2
LH:2
BRF:0
BRH:0
end_of_record
TN:
SF:/Users/lukedonahue/alchemy/career-track/mongoose-labs/lib/middleware/check-connection.js
FN:4,(anonymous_0)
FNF:1
FNH:1
FNDA:13,(anonymous_0)
DA:1,2
DA:2,2
DA:4,2
DA:5,13
DA:6,0
DA:11,13
LF:6
LH:5
BRDA:5,0,0,0
BRDA:5,0,1,13
BRF:2
BRH:1
end_of_record
TN:
SF:/Users/lukedonahue/alchemy/career-track/mongoose-labs/lib/middleware/error-handler.js
FN:4,(anonymous_0)
FNF:1
FNH:0
FNDA:0,(anonymous_0)
DA:4,2
DA:5,0
DA:6,0
DA:9,0
DA:10,0
DA:11,0
DA:14,0
DA:18,0
DA:19,0
DA:24,0
DA:28,0
DA:30,0
LF:12
LH:1
BRDA:9,0,0,0
BRDA:9,0,1,0
BRDA:9,1,0,0
BRDA:9,1,1,0
BRDA:14,2,0,0
BRDA:14,2,1,0
BRF:6
BRH:0
end_of_record
TN:
SF:/Users/lukedonahue/alchemy/career-track/mongoose-labs/lib/models/animals.js
FNF:0
FNH:0
DA:1,2
DA:3,2
DA:5,2
DA:33,2
LF:4
LH:4
BRF:0
BRH:0
end_of_record
TN:
SF:/Users/lukedonahue/alchemy/career-track/mongoose-labs/lib/routes/animals.js
FN:6,(anonymous_0)
FN:8,(anonymous_1)
FN:14,(anonymous_2)
FN:16,(anonymous_3)
FN:22,(anonymous_4)
FN:24,(anonymous_5)
FN:30,(anonymous_6)
FN:36,(anonymous_7)
FN:42,(anonymous_8)
FN:44,(anonymous_9)
FNF:10
FNH:10
FNDA:1,(anonymous_0)
FNDA:1,(anonymous_1)
FNDA:1,(anonymous_2)
FNDA:1,(anonymous_3)
FNDA:7,(anonymous_4)
FNDA:7,(anonymous_5)
FNDA:1,(anonymous_6)
FNDA:1,(anonymous_7)
FNDA:1,(anonymous_8)
FNDA:1,(anonymous_9)
DA:2,2
DA:3,2
DA:5,2
DA:7,1
DA:9,1
DA:15,1
DA:17,1
DA:23,7
DA:25,7
DA:31,1
DA:37,1
DA:43,1
DA:45,1
DA:50,2
LF:14
LH:14
BRF:0
BRH:0
end_of_record
